0.5105786098053643
0.22214324858836812
0.179251197891418
0.16781221331975035
0.16154087162345687
0.15822271415035055
0.1561471816471462
0.15457727390611897
0.153197224299932
0.15195109515006824
0.15094008869760853
0.15034261404247712
0.15034119623438746
0.15101784836321308
0.15227892746080188
0.15391769178244719
0.15570955166881714
0.1574243927593715
0.15887849009415694
0.15998456904516745
0.16073842731583282
0.1611809725640597
0.16136869940062337
0.161357394880609
0.16119501580768042
0.16091985097904613
0.16056108139331662
0.1601399251054147
0.15967093771661783
0.1591637115365091
0.15862480969358375
0.1580593611826616
0.15747196873014574
0.15686701256378718
0.156248626186464
0.15562057771831123
0.15498617643661358
0.1543482374003253
0.15370909564872454
0.15307065056649558
0.15243442356484485
0.1518016180760262
0.15117317588253687
0.15054982710675802
0.14993213306292397
0.14932052212735533
0.1487153192147352
0.14811676960807432
0.1475250579168442
0.14694032290334685
0.1463626688574332
0.14579217413063997
0.14522889737065622
0.1446728819288979
0.14412415884908772
0.14358274878404076
0.14304866313117023
0.1425219046253472
0.142002467580608
0.14149033793036944
0.14098549317913178
0.14048790234744096
0.1399975259657983
0.139514316152008
0.13903821678973402
0.13856916381337517
0.13810708559506346
0.13765190342319686
0.13720353205802271
0.13676188034756542
0.13632685188668614
0.13589834570232245
0.1354762569492732
0.13506047760244305
0.1346508971334521
0.13424740316150516
0.1338498820704888
0.133458219586142
0.1330723013089871
0.132692013200196
0.13231724201899075
0.13194787571138128
0.13158380375087056
0.1312249174326315
0.13087111012320157
0.13052227746815984
0.13017831756057358
0.12983913107317482
0.12950462135730847
0.12917469451172314
0.12884925942421357
0.12852822778903064
0.12821151410287757
0.12789903564209887
0.127590712423576
0.12728646715160197
0.12698622515286698
0.126689914301531
0.1263974649361106
0.12610880976981642
0.12582388379583148
0.12554262418874315
0.12526497020342636
0.12499086307230567
